This is pdfTeX, Version 3.14159265-2.6-1.40.20 (TeX Live 2019) (preloaded format=pdflatex 2019.9.17)  7 JAN 2021 16:15
entering extended mode
 restricted \write18 enabled.
 %&-line parsing enabled.
**example_paper.tex
(./example_paper.tex
LaTeX2e <2018-12-01>
(/usr/local/texlive/2019/texmf-dist/tex/latex/base/article.cls
Document Class: article 2018/09/03 v1.4i Standard LaTeX document class
(/usr/local/texlive/2019/texmf-dist/tex/latex/base/size10.clo
File: size10.clo 2018/09/03 v1.4i Standard LaTeX file (size option)
)
\c@part=\count80
\c@section=\count81
\c@subsection=\count82
\c@subsubsection=\count83
\c@paragraph=\count84
\c@subparagraph=\count85
\c@figure=\count86
\c@table=\count87
\abovecaptionskip=\skip41
\belowcaptionskip=\skip42
\bibindent=\dimen102
)
(/usr/local/texlive/2019/texmf-dist/tex/latex/microtype/microtype.sty
Package: microtype 2019/02/28 v2.7b Micro-typographical refinements (RS)

(/usr/local/texlive/2019/texmf-dist/tex/latex/graphics/keyval.sty
Package: keyval 2014/10/28 v1.15 key=value parser (DPC)
\KV@toks@=\toks14
)
\MT@toks=\toks15
\MT@count=\count88
LaTeX Info: Redefining \textls on input line 790.
\MT@outer@kern=\dimen103
LaTeX Info: Redefining \textmicrotypecontext on input line 1336.
\MT@listname@count=\count89

(/usr/local/texlive/2019/texmf-dist/tex/latex/microtype/microtype-pdftex.def
File: microtype-pdftex.def 2019/02/28 v2.7b Definitions specific to pdftex (RS)

LaTeX Info: Redefining \lsstyle on input line 914.
LaTeX Info: Redefining \lslig on input line 914.
\MT@outer@space=\skip43
)
Package microtype Info: Loading configuration file microtype.cfg.

(/usr/local/texlive/2019/texmf-dist/tex/latex/microtype/microtype.cfg
File: microtype.cfg 2019/02/28 v2.7b microtype main configuration file (RS)
))
(/usr/local/texlive/2019/texmf-dist/tex/latex/graphics/graphicx.sty
Package: graphicx 2017/06/01 v1.1a Enhanced LaTeX Graphics (DPC,SPQR)

(/usr/local/texlive/2019/texmf-dist/tex/latex/graphics/graphics.sty
Package: graphics 2017/06/25 v1.2c Standard LaTeX Graphics (DPC,SPQR)

(/usr/local/texlive/2019/texmf-dist/tex/latex/graphics/trig.sty
Package: trig 2016/01/03 v1.10 sin cos tan (DPC)
)
(/usr/local/texlive/2019/texmf-dist/tex/latex/graphics-cfg/graphics.cfg
File: graphics.cfg 2016/06/04 v1.11 sample graphics configuration
)
Package graphics Info: Driver file: pdftex.def on input line 99.

(/usr/local/texlive/2019/texmf-dist/tex/latex/graphics-def/pdftex.def
File: pdftex.def 2018/01/08 v1.0l Graphics/color driver for pdftex
))
\Gin@req@height=\dimen104
\Gin@req@width=\dimen105
)
(/usr/local/texlive/2019/texmf-dist/tex/latex/booktabs/booktabs.sty
Package: booktabs 2016/04/27 v1.618033 publication quality tables
\heavyrulewidth=\dimen106
\lightrulewidth=\dimen107
\cmidrulewidth=\dimen108
\belowrulesep=\dimen109
\belowbottomsep=\dimen110
\aboverulesep=\dimen111
\abovetopsep=\dimen112
\cmidrulesep=\dimen113
\cmidrulekern=\dimen114
\defaultaddspace=\dimen115
\@cmidla=\count90
\@cmidlb=\count91
\@aboverulesep=\dimen116
\@belowrulesep=\dimen117
\@thisruleclass=\count92
\@lastruleclass=\count93
\@thisrulewidth=\dimen118
)
(/usr/local/texlive/2019/texmf-dist/tex/latex/amsfonts/amsfonts.sty
Package: amsfonts 2013/01/14 v3.01 Basic AMSFonts support
\@emptytoks=\toks16
\symAMSa=\mathgroup4
\symAMSb=\mathgroup5
LaTeX Font Info:    Overwriting math alphabet `\mathfrak' in version `bold'
(Font)                  U/euf/m/n --> U/euf/b/n on input line 106.
)
(/usr/local/texlive/2019/texmf-dist/tex/latex/multirow/multirow.sty
Package: multirow 2019/01/01 v2.4 Span multiple rows of a table
\multirow@colwidth=\skip44
\multirow@cntb=\count94
\multirow@dima=\skip45
\bigstrutjot=\dimen119
)
(/usr/local/texlive/2019/texmf-dist/tex/latex/amsmath/amsmath.sty
Package: amsmath 2018/12/01 v2.17b AMS math features
\@mathmargin=\skip46

For additional information on amsmath, use the `?' option.
(/usr/local/texlive/2019/texmf-dist/tex/latex/amsmath/amstext.sty
Package: amstext 2000/06/29 v2.01 AMS text

(/usr/local/texlive/2019/texmf-dist/tex/latex/amsmath/amsgen.sty
File: amsgen.sty 1999/11/30 v2.0 generic functions
\@emptytoks=\toks17
\ex@=\dimen120
))
(/usr/local/texlive/2019/texmf-dist/tex/latex/amsmath/amsbsy.sty
Package: amsbsy 1999/11/29 v1.2d Bold Symbols
\pmbraise@=\dimen121
)
(/usr/local/texlive/2019/texmf-dist/tex/latex/amsmath/amsopn.sty
Package: amsopn 2016/03/08 v2.02 operator names
)
\inf@bad=\count95
LaTeX Info: Redefining \frac on input line 223.
\uproot@=\count96
\leftroot@=\count97
LaTeX Info: Redefining \overline on input line 385.
\classnum@=\count98
\DOTSCASE@=\count99
LaTeX Info: Redefining \ldots on input line 482.
LaTeX Info: Redefining \dots on input line 485.
LaTeX Info: Redefining \cdots on input line 606.
\Mathstrutbox@=\box27
\strutbox@=\box28
\big@size=\dimen122
LaTeX Font Info:    Redeclaring font encoding OML on input line 729.
LaTeX Font Info:    Redeclaring font encoding OMS on input line 730.
\macc@depth=\count100
\c@MaxMatrixCols=\count101
\dotsspace@=\muskip10
\c@parentequation=\count102
\dspbrk@lvl=\count103
\tag@help=\toks18
\row@=\count104
\column@=\count105
\maxfields@=\count106
\andhelp@=\toks19
\eqnshift@=\dimen123
\alignsep@=\dimen124
\tagshift@=\dimen125
\tagwidth@=\dimen126
\totwidth@=\dimen127
\lineht@=\dimen128
\@envbody=\toks20
\multlinegap=\skip47
\multlinetaggap=\skip48
\mathdisplay@stack=\toks21
LaTeX Info: Redefining \[ on input line 2844.
LaTeX Info: Redefining \] on input line 2845.
)
(/usr/local/texlive/2019/texmf-dist/tex/latex/caption/caption.sty
Package: caption 2018/10/06 v3.3-154 Customizing captions (AR)

(/usr/local/texlive/2019/texmf-dist/tex/latex/caption/caption3.sty
Package: caption3 2018/09/12 v1.8c caption3 kernel (AR)
Package caption3 Info: TeX engine: e-TeX on input line 64.
\captionmargin=\dimen129
\captionmargin@=\dimen130
\captionwidth=\dimen131
\caption@tempdima=\dimen132
\caption@indent=\dimen133
\caption@parindent=\dimen134
\caption@hangindent=\dimen135
)
\c@caption@flags=\count107
\c@ContinuedFloat=\count108
)
(/usr/local/texlive/2019/texmf-dist/tex/latex/caption/subcaption.sty
Package: subcaption 2018/05/01 v1.1-162 Sub-captions (AR)
\c@subfigure=\count109
\c@subtable=\count110
)
(/usr/local/texlive/2019/texmf-dist/tex/latex/natbib/natbib.sty
Package: natbib 2010/09/13 8.31b (PWD, AO)
\bibhang=\skip49
\bibsep=\skip50
LaTeX Info: Redefining \cite on input line 694.
\c@NAT@ctr=\count111
)
(/usr/local/texlive/2019/texmf-dist/tex/latex/hyperref/hyperref.sty
Package: hyperref 2018/11/30 v6.88e Hypertext links for LaTeX

(/usr/local/texlive/2019/texmf-dist/tex/generic/oberdiek/hobsub-hyperref.sty
Package: hobsub-hyperref 2016/05/16 v1.14 Bundle oberdiek, subset hyperref (HO)


(/usr/local/texlive/2019/texmf-dist/tex/generic/oberdiek/hobsub-generic.sty
Package: hobsub-generic 2016/05/16 v1.14 Bundle oberdiek, subset generic (HO)
Package: hobsub 2016/05/16 v1.14 Construct package bundles (HO)
Package: infwarerr 2016/05/16 v1.4 Providing info/warning/error messages (HO)
Package: ltxcmds 2016/05/16 v1.23 LaTeX kernel commands for general use (HO)
Package: ifluatex 2016/05/16 v1.4 Provides the ifluatex switch (HO)
Package ifluatex Info: LuaTeX not detected.
Package: ifvtex 2016/05/16 v1.6 Detect VTeX and its facilities (HO)
Package ifvtex Info: VTeX not detected.
Package: intcalc 2016/05/16 v1.2 Expandable calculations with integers (HO)
Package: ifpdf 2018/09/07 v3.3 Provides the ifpdf switch
Package: etexcmds 2016/05/16 v1.6 Avoid name clashes with e-TeX commands (HO)
Package: kvsetkeys 2016/05/16 v1.17 Key value parser (HO)
Package: kvdefinekeys 2016/05/16 v1.4 Define keys (HO)
Package: pdftexcmds 2018/09/10 v0.29 Utility functions of pdfTeX for LuaTeX (HO
)
Package pdftexcmds Info: LuaTeX not detected.
Package pdftexcmds Info: \pdf@primitive is available.
Package pdftexcmds Info: \pdf@ifprimitive is available.
Package pdftexcmds Info: \pdfdraftmode found.
Package: pdfescape 2016/05/16 v1.14 Implements pdfTeX's escape features (HO)
Package: bigintcalc 2016/05/16 v1.4 Expandable calculations on big integers (HO
)
Package: bitset 2016/05/16 v1.2 Handle bit-vector datatype (HO)
Package: uniquecounter 2016/05/16 v1.3 Provide unlimited unique counter (HO)
)
Package hobsub Info: Skipping package `hobsub' (already loaded).
Package: letltxmacro 2016/05/16 v1.5 Let assignment for LaTeX macros (HO)
Package: hopatch 2016/05/16 v1.3 Wrapper for package hooks (HO)
Package: xcolor-patch 2016/05/16 xcolor patch
Package: atveryend 2016/05/16 v1.9 Hooks at the very end of document (HO)
Package atveryend Info: \enddocument detected (standard20110627).
Package: atbegshi 2016/06/09 v1.18 At begin shipout hook (HO)
Package: refcount 2016/05/16 v3.5 Data extraction from label references (HO)
Package: hycolor 2016/05/16 v1.8 Color options for hyperref/bookmark (HO)
)
(/usr/local/texlive/2019/texmf-dist/tex/generic/ifxetex/ifxetex.sty
Package: ifxetex 2010/09/12 v0.6 Provides ifxetex conditional
)
(/usr/local/texlive/2019/texmf-dist/tex/latex/oberdiek/auxhook.sty
Package: auxhook 2016/05/16 v1.4 Hooks for auxiliary files (HO)
)
(/usr/local/texlive/2019/texmf-dist/tex/latex/oberdiek/kvoptions.sty
Package: kvoptions 2016/05/16 v3.12 Key value format for package options (HO)
)
\@linkdim=\dimen136
\Hy@linkcounter=\count112
\Hy@pagecounter=\count113

(/usr/local/texlive/2019/texmf-dist/tex/latex/hyperref/pd1enc.def
File: pd1enc.def 2018/11/30 v6.88e Hyperref: PDFDocEncoding definition (HO)
Now handling font encoding PD1 ...
... no UTF-8 mapping file for font encoding PD1
)
\Hy@SavedSpaceFactor=\count114

(/usr/local/texlive/2019/texmf-dist/tex/latex/latexconfig/hyperref.cfg
File: hyperref.cfg 2002/06/06 v1.2 hyperref configuration of TeXLive
)
Package hyperref Info: Hyper figures OFF on input line 4519.
Package hyperref Info: Link nesting OFF on input line 4524.
Package hyperref Info: Hyper index ON on input line 4527.
Package hyperref Info: Plain pages OFF on input line 4534.
Package hyperref Info: Backreferencing OFF on input line 4539.
Package hyperref Info: Implicit mode ON; LaTeX internals redefined.
Package hyperref Info: Bookmarks ON on input line 4772.
\c@Hy@tempcnt=\count115

(/usr/local/texlive/2019/texmf-dist/tex/latex/url/url.sty
\Urlmuskip=\muskip11
Package: url 2013/09/16  ver 3.4  Verb mode for urls, etc.
)
LaTeX Info: Redefining \url on input line 5125.
\XeTeXLinkMargin=\dimen137
\Fld@menulength=\count116
\Field@Width=\dimen138
\Fld@charsize=\dimen139
Package hyperref Info: Hyper figures OFF on input line 6380.
Package hyperref Info: Link nesting OFF on input line 6385.
Package hyperref Info: Hyper index ON on input line 6388.
Package hyperref Info: backreferencing OFF on input line 6395.
Package hyperref Info: Link coloring OFF on input line 6400.
Package hyperref Info: Link coloring with OCG OFF on input line 6405.
Package hyperref Info: PDF/A mode OFF on input line 6410.
LaTeX Info: Redefining \ref on input line 6450.
LaTeX Info: Redefining \pageref on input line 6454.
\Hy@abspage=\count117
\c@Item=\count118
\c@Hfootnote=\count119
)
Package hyperref Info: Driver (autodetected): hpdftex.

(/usr/local/texlive/2019/texmf-dist/tex/latex/hyperref/hpdftex.def
File: hpdftex.def 2018/11/30 v6.88e Hyperref driver for pdfTeX
\Fld@listcount=\count120
\c@bookmark@seq@number=\count121

(/usr/local/texlive/2019/texmf-dist/tex/latex/oberdiek/rerunfilecheck.sty
Package: rerunfilecheck 2016/05/16 v1.8 Rerun checks for auxiliary files (HO)
Package uniquecounter Info: New unique counter `rerunfilecheck' on input line 2
82.
)
\Hy@SectionHShift=\skip51
)
(./icml2021.sty
Package: icml2021 2020/11/18 v2.0 ICML Conference Style File
 (/usr/local/texlive/2019/texmf-dist/tex/latex/psnfss/times.sty
Package: times 2005/04/12 PSNFSS-v9.2a (SPQR) 
) (./fancyhdr.sty
\fancy@headwidth=\skip52
\f@ncyO@elh=\skip53
\f@ncyO@erh=\skip54
\f@ncyO@olh=\skip55
\f@ncyO@orh=\skip56
\f@ncyO@elf=\skip57
\f@ncyO@erf=\skip58
\f@ncyO@olf=\skip59
\f@ncyO@orf=\skip60
)
(/usr/local/texlive/2019/texmf-dist/tex/latex/graphics/color.sty
Package: color 2016/07/10 v1.1e Standard LaTeX Color (DPC)

(/usr/local/texlive/2019/texmf-dist/tex/latex/graphics-cfg/color.cfg
File: color.cfg 2016/01/02 v1.6 sample color configuration
)
Package color Info: Driver file: pdftex.def on input line 147.
)
(./algorithm.sty
Package: algorithm 

Document Style `algorithm' - floating environment
(/usr/local/texlive/2019/texmf-dist/tex/latex/float/float.sty
Package: float 2001/11/08 v1.3d Float enhancements (AL)
\c@float@type=\count122
\float@exts=\toks22
\float@box=\box29
\@float@everytoks=\toks23
\@floatcapt=\box30
)
(/usr/local/texlive/2019/texmf-dist/tex/latex/base/ifthen.sty
Package: ifthen 2014/09/29 v1.1c Standard LaTeX ifthen package (DPC)
)
\@float@every@algorithm=\toks24
\c@algorithm=\count123
)
(./algorithmic.sty
Package: algorithmic 

Document Style `algorithmic' - environment
(/usr/local/texlive/2019/texmf-dist/tex/latex/tools/calc.sty
Package: calc 2017/05/25 v4.3 Infix arithmetic (KKT,FJ)
\calc@Acount=\count124
\calc@Bcount=\count125
\calc@Adimen=\dimen140
\calc@Bdimen=\dimen141
\calc@Askip=\skip61
\calc@Bskip=\skip62
LaTeX Info: Redefining \setlength on input line 80.
LaTeX Info: Redefining \addtolength on input line 81.
\calc@Ccount=\count126
\calc@Cskip=\skip63
)
\c@ALC@line=\count127
\c@ALC@rem=\count128
\ALC@tlm=\skip64
)
(/usr/local/texlive/2019/texmf-dist/tex/latex/eso-pic/eso-pic.sty
Package: eso-pic 2018/04/12 v2.0h eso-pic (RN)
)
(/usr/local/texlive/2019/texmf-dist/tex/latex/forloop/forloop.sty
Package: forloop 2006/09/18 v3.0 For Loops for LaTeX
)
Package hyperref Info: Option `colorlinks' set `true' on input line 108.
\titrun=\box31
\c@@affiliationcounter=\count129
\c@@affilnum=\count130
\newcaptionbox=\box32
\newcaptionboxwid=\dimen142
\icmlrulerbox=\box33
\icmlrulercount=\count131
\icmlruleroffset=\dimen143
\cv@lineheight=\dimen144
\cv@boxheight=\dimen145
\cv@tmpbox=\box34
\cv@refno=\count132
\cv@tot=\count133
\cv@tmpc@=\count134
\cv@tmpc=\count135
)
(./example_paper.aux)
\openout1 = `example_paper.aux'.

LaTeX Font Info:    Checking defaults for OML/cmm/m/it on input line 38.
LaTeX Font Info:    ... okay on input line 38.
LaTeX Font Info:    Checking defaults for T1/cmr/m/n on input line 38.
LaTeX Font Info:    ... okay on input line 38.
LaTeX Font Info:    Checking defaults for OT1/cmr/m/n on input line 38.
LaTeX Font Info:    ... okay on input line 38.
LaTeX Font Info:    Checking defaults for OMS/cmsy/m/n on input line 38.
LaTeX Font Info:    ... okay on input line 38.
LaTeX Font Info:    Checking defaults for OMX/cmex/m/n on input line 38.
LaTeX Font Info:    ... okay on input line 38.
LaTeX Font Info:    Checking defaults for U/cmr/m/n on input line 38.
LaTeX Font Info:    ... okay on input line 38.
LaTeX Font Info:    Checking defaults for PD1/pdf/m/n on input line 38.
LaTeX Font Info:    ... okay on input line 38.
LaTeX Font Info:    Try loading font information for OT1+ptm on input line 38.

(/usr/local/texlive/2019/texmf-dist/tex/latex/psnfss/ot1ptm.fd
File: ot1ptm.fd 2001/06/04 font definitions for OT1/ptm.
)
LaTeX Info: Redefining \microtypecontext on input line 38.
Package microtype Info: Generating PDF output.
Package microtype Info: Character protrusion enabled (level 2).
Package microtype Info: Using default protrusion set `alltext'.
Package microtype Info: Automatic font expansion enabled (level 2),
(microtype)             stretch: 20, shrink: 20, step: 1, non-selected.
Package microtype Info: Using default expansion set `basictext'.
Package microtype Info: No adjustment of tracking.
Package microtype Info: No adjustment of interword spacing.
Package microtype Info: No adjustment of character kerning.

(/usr/local/texlive/2019/texmf-dist/tex/latex/microtype/mt-ptm.cfg
File: mt-ptm.cfg 2006/04/20 v1.7 microtype config. file: Times (RS)
)
(/usr/local/texlive/2019/texmf-dist/tex/context/base/mkii/supp-pdf.mkii
[Loading MPS to PDF converter (version 2006.09.02).]
\scratchcounter=\count136
\scratchdimen=\dimen146
\scratchbox=\box35
\nofMPsegments=\count137
\nofMParguments=\count138
\everyMPshowfont=\toks25
\MPscratchCnt=\count139
\MPscratchDim=\dimen147
\MPnumerator=\count140
\makeMPintoPDFobject=\count141
\everyMPtoPDFconversion=\toks26
) (/usr/local/texlive/2019/texmf-dist/tex/latex/oberdiek/epstopdf-base.sty
Package: epstopdf-base 2016/05/15 v2.6 Base part for package epstopdf

(/usr/local/texlive/2019/texmf-dist/tex/latex/oberdiek/grfext.sty
Package: grfext 2016/05/16 v1.2 Manage graphics extensions (HO)
)
Package epstopdf-base Info: Redefining graphics rule for `.eps' on input line 4
38.
Package grfext Info: Graphics extension search list:
(grfext)             [.pdf,.png,.jpg,.mps,.jpeg,.jbig2,.jb2,.PDF,.PNG,.JPG,.JPE
G,.JBIG2,.JB2,.eps]
(grfext)             \AppendGraphicsExtensions on input line 456.

(/usr/local/texlive/2019/texmf-dist/tex/latex/latexconfig/epstopdf-sys.cfg
File: epstopdf-sys.cfg 2010/07/13 v1.3 Configuration of (r)epstopdf for TeX Liv
e
))
Package caption Info: Begin \AtBeginDocument code.
Package caption Info: float package is loaded.
Package caption Info: hyperref package is loaded.
Package caption Info: End \AtBeginDocument code.
\AtBeginShipoutBox=\box36
Package hyperref Info: Link coloring ON on input line 38.

(/usr/local/texlive/2019/texmf-dist/tex/latex/hyperref/nameref.sty
Package: nameref 2016/05/21 v2.44 Cross-referencing by name of section

(/usr/local/texlive/2019/texmf-dist/tex/generic/oberdiek/gettitlestring.sty
Package: gettitlestring 2016/05/16 v1.5 Cleanup title references (HO)
)
\c@section@level=\count142
)
LaTeX Info: Redefining \ref on input line 38.
LaTeX Info: Redefining \pageref on input line 38.
LaTeX Info: Redefining \nameref on input line 38.

(./example_paper.out) (./example_paper.out)
\@outlinefile=\write3
\openout3 = `example_paper.out'.

LaTeX Font Info:    Font shape `OT1/ptm/bx/n' in size <9> not available
(Font)              Font shape `OT1/ptm/b/n' tried instead on input line 77.
LaTeX Font Info:    Font shape `OT1/ptm/bx/n' in size <14.4> not available
(Font)              Font shape `OT1/ptm/b/n' tried instead on input line 77.
LaTeX Font Info:    Font shape `OT1/ptm/bx/n' in size <10> not available
(Font)              Font shape `OT1/ptm/b/n' tried instead on input line 77.
\c@@affilto=\count143

(/usr/local/texlive/2019/texmf-dist/tex/latex/microtype/mt-cmr.cfg
File: mt-cmr.cfg 2013/05/19 v2.2 microtype config. file: Computer Modern Roman 
(RS)
)
LaTeX Font Info:    Try loading font information for U+msa on input line 77.

(/usr/local/texlive/2019/texmf-dist/tex/latex/amsfonts/umsa.fd
File: umsa.fd 2013/01/14 v3.01 AMS symbols A
)
(/usr/local/texlive/2019/texmf-dist/tex/latex/microtype/mt-msa.cfg
File: mt-msa.cfg 2006/02/04 v1.1 microtype config. file: AMS symbols (a) (RS)
)
LaTeX Font Info:    Try loading font information for U+msb on input line 77.

(/usr/local/texlive/2019/texmf-dist/tex/latex/amsfonts/umsb.fd
File: umsb.fd 2013/01/14 v3.01 AMS symbols B
)
(/usr/local/texlive/2019/texmf-dist/tex/latex/microtype/mt-msb.cfg
File: mt-msb.cfg 2005/06/01 v1.0 microtype config. file: AMS symbols (b) (RS)
)
\c@@affilgoo=\count144


Package hyperref Warning: Ignoring empty anchor on input line 88.

LaTeX Font Info:    Try loading font information for OML+ptm on input line 88.
(/usr/local/texlive/2019/texmf-dist/tex/latex/psnfss/omlptm.fd
File: omlptm.fd 
)
LaTeX Font Info:    Font shape `OML/ptm/m/n' in size <9> not available
(Font)              Font shape `OML/cmm/m/it' tried instead on input line 88.
LaTeX Font Info:    Font shape `OT1/ptm/bx/n' in size <12> not available
(Font)              Font shape `OT1/ptm/b/n' tried instead on input line 90.
<figures/main_fig.pdf, id=4, 1733.06529pt x 601.67284pt>
File: figures/main_fig.pdf Graphic file (type pdf)
<use figures/main_fig.pdf>
Package pdftex.def Info: figures/main_fig.pdf  used on input line 96.
(pdftex.def)             Requested size: 439.03726pt x 152.41925pt.

Underfull \vbox (badness 10000) has occurred while \output is active []

 [1{/usr/local/texlive/2019/texmf-var/fonts/map/pdftex/updmap/pdftex.map}



] [2 <./figures/main_fig.pdf>]
Underfull \vbox (badness 10000) has occurred while \output is active []


Underfull \hbox (badness 1259) in paragraph at lines 182--183
[]\OT1/ptm/m/n/10 (+20) Our method, TDHNN4, takes the form of the Port-
 []

<figures/architecture2.pdf, id=159, 655.44875pt x 520.94624pt>
File: figures/architecture2.pdf Graphic file (type pdf)
<use figures/architecture2.pdf>
Package pdftex.def Info: figures/architecture2.pdf  used on input line 215.
(pdftex.def)             Requested size: 243.91124pt x 193.85995pt.

Overfull \hbox (9.03374pt too wide) in paragraph at lines 215--216
 [][] 
 []

[3 <./figures/architecture2.pdf>]
Underfull \hbox (badness 7186) in paragraph at lines 258--259
[]\OT1/ptm/m/n/10 (+20) Minimize pre-dic-tions with ground truth time-
 []

[4]
<figures/figures/mass_spring/1/mass_spring_long_0.pdf, id=234, 691.01602pt x 72
0.33429pt>
File: figures/figures/mass_spring/1/mass_spring_long_0.pdf Graphic file (type p
df)
<use figures/figures/mass_spring/1/mass_spring_long_0.pdf>
Package pdftex.def Info: figures/figures/mass_spring/1/mass_spring_long_0.pdf  
used on input line 285.
(pdftex.def)             Requested size: 195.126pt x 106.99355pt.
<figures/figures/mass_spring/1/mass_spring_dpdt_new_0.pdf, id=236, 1270.22676pt
 x 331.07755pt>
File: figures/figures/mass_spring/1/mass_spring_dpdt_new_0.pdf Graphic file (ty
pe pdf)
<use figures/figures/mass_spring/1/mass_spring_dpdt_new_0.pdf>
Package pdftex.def Info: figures/figures/mass_spring/1/mass_spring_dpdt_new_0.p
df  used on input line 290.
(pdftex.def)             Requested size: 234.15271pt x 61.0261pt.
<figures/figures/mass_spring/1/mass_spring_errors_0.pdf, id=237, 1445.4pt x 361
.35pt>
File: figures/figures/mass_spring/1/mass_spring_errors_0.pdf Graphic file (type
 pdf)
<use figures/figures/mass_spring/1/mass_spring_errors_0.pdf>
Package pdftex.def Info: figures/figures/mass_spring/1/mass_spring_errors_0.pdf
  used on input line 295.
(pdftex.def)             Requested size: 234.15271pt x 58.53397pt.
<figures/figures/damped/1/damped_dpdt_new_0.pdf, id=239, 1270.22676pt x 331.077
55pt>
File: figures/figures/damped/1/damped_dpdt_new_0.pdf Graphic file (type pdf)
<use figures/figures/damped/1/damped_dpdt_new_0.pdf>
Package pdftex.def Info: figures/figures/damped/1/damped_dpdt_new_0.pdf  used o
n input line 322.
(pdftex.def)             Requested size: 234.15271pt x 61.0261pt.
<figures/figures/damped/1/damped_errors_0.pdf, id=240, 1445.4pt x 361.35pt>
File: figures/figures/damped/1/damped_errors_0.pdf Graphic file (type pdf)
<use figures/figures/damped/1/damped_errors_0.pdf>
Package pdftex.def Info: figures/figures/damped/1/damped_errors_0.pdf  used on 
input line 327.
(pdftex.def)             Requested size: 234.15271pt x 58.53397pt.

Underfull \vbox (badness 6348) has occurred while \output is active []

 [5 <./figures/figures/mass_spring/1/mass_spring_long_0.pdf> <./figures/figures
/mass_spring/1/mass_spring_dpdt_new_0.pdf

pdfTeX warning: /Library/TeX/texbin/pdflatex (file ./figures/figures/mass_sprin
g/1/mass_spring_dpdt_new_0.pdf): PDF inclusion: multiple pdfs with page group i
ncluded in a single page
> <./figures/figures/mass_spring/1/mass_spring_errors_0.pdf

pdfTeX warning: /Library/TeX/texbin/pdflatex (file ./figures/figures/mass_sprin
g/1/mass_spring_errors_0.pdf): PDF inclusion: multiple pdfs with page group inc
luded in a single page
> <./figures/figures/damped/1/damped_dpdt_new_0.pdf

pdfTeX warning: /Library/TeX/texbin/pdflatex (file ./figures/figures/damped/1/d
amped_dpdt_new_0.pdf): PDF inclusion: multiple pdfs with page group included in
 a single page
> <./figures/figures/damped/1/damped_errors_0.pdf

pdfTeX warning: /Library/TeX/texbin/pdflatex (file ./figures/figures/damped/1/d
amped_errors_0.pdf): PDF inclusion: multiple pdfs with page group included in a
 single page
>]
<figures/figures/forced_mass_spring/1/forced_mass_spring_dpdt_new_0.pdf, id=476
, 1270.19539pt x 331.07755pt>
File: figures/figures/forced_mass_spring/1/forced_mass_spring_dpdt_new_0.pdf Gr
aphic file (type pdf)
<use figures/figures/forced_mass_spring/1/forced_mass_spring_dpdt_new_0.pdf>
Package pdftex.def Info: figures/figures/forced_mass_spring/1/forced_mass_sprin
g_dpdt_new_0.pdf  used on input line 352.
(pdftex.def)             Requested size: 234.15271pt x 61.03116pt.
<figures/figures/forced_mass_spring/1/forced_mass_spring_errors_0.pdf, id=477, 
1445.4pt x 361.35pt>
File: figures/figures/forced_mass_spring/1/forced_mass_spring_errors_0.pdf Grap
hic file (type pdf)
<use figures/figures/forced_mass_spring/1/forced_mass_spring_errors_0.pdf>
Package pdftex.def Info: figures/figures/forced_mass_spring/1/forced_mass_sprin
g_errors_0.pdf  used on input line 357.
(pdftex.def)             Requested size: 234.15271pt x 58.53397pt.
<figures/figures/forced_mass_spring/2/forced_mass_spring_dpdt_new_0.pdf, id=478
, 1270.19539pt x 331.07755pt>
File: figures/figures/forced_mass_spring/2/forced_mass_spring_dpdt_new_0.pdf Gr
aphic file (type pdf)
<use figures/figures/forced_mass_spring/2/forced_mass_spring_dpdt_new_0.pdf>
Package pdftex.def Info: figures/figures/forced_mass_spring/2/forced_mass_sprin
g_dpdt_new_0.pdf  used on input line 377.
(pdftex.def)             Requested size: 234.15271pt x 61.03116pt.
<figures/figures/forced_mass_spring/2/forced_mass_spring_errors_0.pdf, id=479, 
1445.4pt x 361.35pt>
File: figures/figures/forced_mass_spring/2/forced_mass_spring_errors_0.pdf Grap
hic file (type pdf)
<use figures/figures/forced_mass_spring/2/forced_mass_spring_errors_0.pdf>
Package pdftex.def Info: figures/figures/forced_mass_spring/2/forced_mass_sprin
g_errors_0.pdf  used on input line 382.
(pdftex.def)             Requested size: 234.15271pt x 58.53397pt.
<figures/figures/duffing/1/duffing_dpdt_new_0.pdf, id=482, 1270.2738pt x 331.07
755pt>
File: figures/figures/duffing/1/duffing_dpdt_new_0.pdf Graphic file (type pdf)
<use figures/figures/duffing/1/duffing_dpdt_new_0.pdf>
Package pdftex.def Info: figures/figures/duffing/1/duffing_dpdt_new_0.pdf  used
 on input line 416.
(pdftex.def)             Requested size: 234.15271pt x 61.0261pt.
<figures/figures/duffing/1/duffing_errors_0.pdf, id=483, 1445.4pt x 361.35pt>
File: figures/figures/duffing/1/duffing_errors_0.pdf Graphic file (type pdf)
<use figures/figures/duffing/1/duffing_errors_0.pdf>
Package pdftex.def Info: figures/figures/duffing/1/duffing_errors_0.pdf  used o
n input line 421.
(pdftex.def)             Requested size: 234.15271pt x 58.53397pt.
 [6 <./figures/figures/forced_mass_spring/1/forced_mass_spring_dpdt_new_0.pdf> 
<./figures/figures/forced_mass_spring/1/forced_mass_spring_errors_0.pdf

pdfTeX warning: /Library/TeX/texbin/pdflatex (file ./figures/figures/forced_mas
s_spring/1/forced_mass_spring_errors_0.pdf): PDF inclusion: multiple pdfs with 
page group included in a single page
> <./figures/figures/forced_mass_spring/2/forced_mass_spring_dpdt_new_0.pdf

pdfTeX warning: /Library/TeX/texbin/pdflatex (file ./figures/figures/forced_mas
s_spring/2/forced_mass_spring_dpdt_new_0.pdf): PDF inclusion: multiple pdfs wit
h page group included in a single page
> <./figures/figures/forced_mass_spring/2/forced_mass_spring_errors_0.pdf

pdfTeX warning: /Library/TeX/texbin/pdflatex (file ./figures/figures/forced_mas
s_spring/2/forced_mass_spring_errors_0.pdf): PDF inclusion: multiple pdfs with 
page group included in a single page
> <./figures/figures/duffing/1/duffing_dpdt_new_0.pdf

pdfTeX warning: /Library/TeX/texbin/pdflatex (file ./figures/figures/duffing/1/
duffing_dpdt_new_0.pdf): PDF inclusion: multiple pdfs with page group included 
in a single page
> <./figures/figures/duffing/1/duffing_errors_0.pdf

pdfTeX warning: /Library/TeX/texbin/pdflatex (file ./figures/figures/duffing/1/
duffing_errors_0.pdf): PDF inclusion: multiple pdfs with page group included in
 a single page
>]
<figures/duffing_ham_1.pdf, id=758, 1445.4pt x 361.35pt>
File: figures/duffing_ham_1.pdf Graphic file (type pdf)
<use figures/duffing_ham_1.pdf>
Package pdftex.def Info: figures/duffing_ham_1.pdf  used on input line 440.
(pdftex.def)             Requested size: 439.03726pt x 109.7567pt.


LaTeX Warning: `h' float specifier changed to `ht'.

<figures/figures/relativity/1/relativity_dpdt_new_0.pdf, id=760, 1270.19539pt x
 331.07755pt>
File: figures/figures/relativity/1/relativity_dpdt_new_0.pdf Graphic file (type
 pdf)
<use figures/figures/relativity/1/relativity_dpdt_new_0.pdf>
Package pdftex.def Info: figures/figures/relativity/1/relativity_dpdt_new_0.pdf
  used on input line 464.
(pdftex.def)             Requested size: 234.15271pt x 61.03116pt.
<figures/figures/relativity/1/relativity_errors_0.pdf, id=761, 1445.4pt x 361.3
5pt>
File: figures/figures/relativity/1/relativity_errors_0.pdf Graphic file (type p
df)
<use figures/figures/relativity/1/relativity_errors_0.pdf>
Package pdftex.def Info: figures/figures/relativity/1/relativity_errors_0.pdf  
used on input line 469.
(pdftex.def)             Requested size: 234.15271pt x 58.53397pt.

LaTeX Warning: `!h' float specifier changed to `!ht'.


Underfull \vbox (badness 10000) has occurred while \output is active []


Underfull \hbox (badness 1275) in paragraph at lines 515--516
[]\OT1/ptm/m/n/10 (+20) We have shown that learn-ing the dy-nam-ics of time-
 []

(./example_paper.bbl
LaTeX Font Info:    Try loading font information for OT1+pcr on input line 14.

(/usr/local/texlive/2019/texmf-dist/tex/latex/psnfss/ot1pcr.fd
File: ot1pcr.fd 2001/06/04 font definitions for OT1/pcr.
)
Package microtype Info: Loading generic protrusion settings for font family
(microtype)             `pcr' (encoding: OT1).
(microtype)             For optimal results, create family-specific settings.
(microtype)             See the microtype manual for details.

Underfull \hbox (badness 1163) in paragraph at lines 19--27
[]\OT1/ptm/m/n/10 (+20) Chen, R. T. Q., Rubanova, Y., Bet-ten-court, J., and
 []


Underfull \hbox (badness 3128) in paragraph at lines 19--27
\OT1/ptm/m/n/10 (+20) Du-ve-naud, D. K.  Neu-ral Or-di-nary Dif-fer-en-tial
 []


Underfull \hbox (badness 1270) in paragraph at lines 19--27
\OT1/ptm/m/n/10 (+20) (eds.), \OT1/ptm/m/it/10 (+20) Ad-vances in Neu-ral In-fo
r-ma-tion Pro-cess-ing
 []


Overfull \hbox (36.62251pt too wide) in paragraph at lines 19--27
\OT1/pcr/m/n/10 7892-[]neural-[]ordinary-[]differential-[]equations .
 []

[7]
Underfull \hbox (badness 3679) in paragraph at lines 47--53
[]\OT1/ptm/m/n/10 (+20) Finzi, M., Stan-ton, S., Iz-mailov, P., and Wil-son,
 []


Underfull \hbox (badness 3009) in paragraph at lines 74--82
\OT1/ptm/m/n/10 (+20) feed-for-ward net-works are uni-ver-sal ap-prox-i-ma-tors
.
 []


Underfull \hbox (badness 10000) in paragraph at lines 74--82
[][]$\OT1/pcr/m/n/10 http : / / www . sciencedirect . com / science /
 []

[8 <./figures/duffing_ham_1.pdf> <./figures/figures/relativity/1/relativity_dpd
t_new_0.pdf

pdfTeX warning: /Library/TeX/texbin/pdflatex (file ./figures/figures/relativity
/1/relativity_dpdt_new_0.pdf): PDF inclusion: multiple pdfs with page group inc
luded in a single page
> <./figures/figures/relativity/1/relativity_errors_0.pdf

pdfTeX warning: /Library/TeX/texbin/pdflatex (file ./figures/figures/relativity
/1/relativity_errors_0.pdf): PDF inclusion: multiple pdfs with page group inclu
ded in a single page
>]
Underfull \hbox (badness 1762) in paragraph at lines 113--119
\OT1/ptm/m/n/10 (+20) In-formed Deep Learn-ing (Part I): Data-driven So-
 []


Underfull \hbox (badness 1867) in paragraph at lines 113--119
\OT1/ptm/m/n/10 (+20) lu-tions of Non-lin-ear Par-tial Dif-fer-en-tial Equa-tio
ns.
 []


Underfull \hbox (badness 1377) in paragraph at lines 145--150
[]\OT1/ptm/m/n/10 (+20) Sanchez-Gonzalez, A., Bapst, V., Cran-mer, K., and
 []


Underfull \hbox (badness 2035) in paragraph at lines 145--150
\OT1/ptm/m/n/10 (+20) In-te-gra-tors.  \OT1/ptm/m/it/10 (+20) arXiv:1909.12790 
[physics]\OT1/ptm/m/n/10 (+20) , Septem-
 []


Underfull \hbox (badness 1924) in paragraph at lines 153--159
[]\OT1/ptm/m/n/10 (+20) Sanchez-Gonzalez, A., God-win, J., Pfaff, T., Ying,
 []


Underfull \hbox (badness 1168) in paragraph at lines 153--159
\OT1/ptm/m/n/10 (+20) R., Leskovec, J., and Battaglia, P. W.  Learn-ing
 []


Underfull \hbox (badness 1205) in paragraph at lines 182--188
[]\OT1/ptm/m/n/10 (+20) Zhong, Y. D., Dey, B., and Chakraborty, A.  Dis-
 []

)
Package atveryend Info: Empty hook `BeforeClearDocument' on input line 521.
 [9]
Package atveryend Info: Empty hook `AfterLastShipout' on input line 521.
 (./example_paper.aux)
Package atveryend Info: Executing hook `AtVeryEndDocument' on input line 521.
Package atveryend Info: Executing hook `AtEndAfterFileList' on input line 521.
Package rerunfilecheck Info: File `example_paper.out' has not changed.
(rerunfilecheck)             Checksum: D41D8CD98F00B204E9800998ECF8427E;0.
Package atveryend Info: Empty hook `AtVeryVeryEnd' on input line 521.
 ) 
Here is how much of TeX's memory you used:
 10098 strings out of 492616
 157764 string characters out of 6129481
 295877 words of memory out of 5000000
 13526 multiletter control sequences out of 15000+600000
 42505 words of font info for 216 fonts, out of 8000000 for 9000
 1141 hyphenation exceptions out of 8191
 36i,12n,45p,2737b,521s stack positions out of 5000i,500n,10000p,200000b,80000s
{/usr/local/texlive/2019/texmf-dist/fonts/enc/dvips/base/8r.enc}</usr/local/t
exlive/2019/texmf-dist/fonts/type1/public/amsfonts/cm/cmbx10.pfb></usr/local/te
xlive/2019/texmf-dist/fonts/type1/public/amsfonts/cm/cmbx7.pfb></usr/local/texl
ive/2019/texmf-dist/fonts/type1/public/amsfonts/cm/cmex10.pfb></usr/local/texli
ve/2019/texmf-dist/fonts/type1/public/amsfonts/cm/cmmi10.pfb></usr/local/texliv
e/2019/texmf-dist/fonts/type1/public/amsfonts/cm/cmmi6.pfb></usr/local/texlive/
2019/texmf-dist/fonts/type1/public/amsfonts/cm/cmmi7.pfb></usr/local/texlive/20
19/texmf-dist/fonts/type1/public/amsfonts/cm/cmmi9.pfb></usr/local/texlive/2019
/texmf-dist/fonts/type1/public/amsfonts/cm/cmr10.pfb></usr/local/texlive/2019/t
exmf-dist/fonts/type1/public/amsfonts/cm/cmr5.pfb></usr/local/texlive/2019/texm
f-dist/fonts/type1/public/amsfonts/cm/cmr7.pfb></usr/local/texlive/2019/texmf-d
ist/fonts/type1/public/amsfonts/cm/cmsy10.pfb></usr/local/texlive/2019/texmf-di
st/fonts/type1/public/amsfonts/cm/cmsy7.pfb></usr/local/texlive/2019/texmf-dist
/fonts/type1/public/amsfonts/cm/cmsy9.pfb></usr/local/texlive/2019/texmf-dist/f
onts/type1/public/amsfonts/cm/cmti9.pfb></usr/local/texlive/2019/texmf-dist/fon
ts/type1/urw/courier/ucrr8a.pfb></usr/local/texlive/2019/texmf-dist/fonts/type1
/urw/times/utmb8a.pfb></usr/local/texlive/2019/texmf-dist/fonts/type1/urw/times
/utmr8a.pfb></usr/local/texlive/2019/texmf-dist/fonts/type1/urw/times/utmr8a.pf
b></usr/local/texlive/2019/texmf-dist/fonts/type1/urw/times/utmri8a.pfb>
Output written on example_paper.pdf (9 pages, 789947 bytes).
PDF statistics:
 1013 PDF objects out of 1200 (max. 8388607)
 460 compressed objects within 5 object streams
 84 named destinations out of 1000 (max. 500000)
 38487 words of extra memory for PDF output out of 42996 (max. 10000000)

