\BOOKMARK [1][-]{section.1}{Introduction}{}% 1
\BOOKMARK [1][-]{section.2}{Background}{}% 2
\BOOKMARK [2][-]{subsection.2.1}{Hamiltonian Neural Networks}{section.2}% 3
\BOOKMARK [2][-]{subsection.2.2}{Port-Hamiltonians}{section.2}% 4
\BOOKMARK [1][-]{section.3}{Related Work}{}% 5
\BOOKMARK [2][-]{subsection.3.1}{Functional Priors}{section.3}% 6
\BOOKMARK [2][-]{subsection.3.2}{Integrator Priors}{section.3}% 7
\BOOKMARK [2][-]{subsection.3.3}{Graph based methods}{section.3}% 8
\BOOKMARK [2][-]{subsection.3.4}{Lagrangian/Hamiltonian Methods}{section.3}% 9
\BOOKMARK [2][-]{subsection.3.5}{Latest Advances}{section.3}% 10
\BOOKMARK [1][-]{section.4}{Method}{}% 11
\BOOKMARK [1][-]{section.5}{Results}{}% 12
\BOOKMARK [2][-]{subsection.5.1}{Simple Mass Spring}{section.5}% 13
\BOOKMARK [2][-]{subsection.5.2}{Damped Mass Spring}{section.5}% 14
\BOOKMARK [2][-]{subsection.5.3}{Forced Mass Spring}{section.5}% 15
\BOOKMARK [2][-]{subsection.5.4}{Duffing Equation}{section.5}% 16
\BOOKMARK [3][-]{subsubsection.5.4.1}{Non-Chaotic}{subsection.5.4}% 17
\BOOKMARK [3][-]{subsubsection.5.4.2}{Chaotic}{subsection.5.4}% 18
\BOOKMARK [2][-]{subsection.5.5}{Relativity}{section.5}% 19
\BOOKMARK [1][-]{section.6}{Discussion}{}% 20
\BOOKMARK [1][-]{section.7}{Conclusion}{}% 21
\BOOKMARK [1][-]{section.8}{Questions/Thoughts}{}% 22
