This is pdfTeX, Version 3.14159265-2.6-1.40.20 (TeX Live 2019) (preloaded format=pdflatex 2019.9.17)  27 DEC 2020 17:35
entering extended mode
 restricted \write18 enabled.
 %&-line parsing enabled.
**sample_paper.tex
(./sample_paper.tex
LaTeX2e <2018-12-01>
(/usr/local/texlive/2019/texmf-dist/tex/latex/base/article.cls
Document Class: article 2018/09/03 v1.4i Standard LaTeX document class
(/usr/local/texlive/2019/texmf-dist/tex/latex/base/size10.clo
File: size10.clo 2018/09/03 v1.4i Standard LaTeX file (size option)
)
\c@part=\count80
\c@section=\count81
\c@subsection=\count82
\c@subsubsection=\count83
\c@paragraph=\count84
\c@subparagraph=\count85
\c@figure=\count86
\c@table=\count87
\abovecaptionskip=\skip41
\belowcaptionskip=\skip42
\bibindent=\dimen102
)
(./aistats2021.sty
Package: aistats2021 2020/08/23 AISTATS2021 submission/camera-ready style file

(/usr/local/texlive/2019/texmf-dist/tex/latex/amsmath/amsmath.sty
Package: amsmath 2018/12/01 v2.17b AMS math features
\@mathmargin=\skip43

For additional information on amsmath, use the `?' option.
(/usr/local/texlive/2019/texmf-dist/tex/latex/amsmath/amstext.sty
Package: amstext 2000/06/29 v2.01 AMS text

(/usr/local/texlive/2019/texmf-dist/tex/latex/amsmath/amsgen.sty
File: amsgen.sty 1999/11/30 v2.0 generic functions
\@emptytoks=\toks14
\ex@=\dimen103
))
(/usr/local/texlive/2019/texmf-dist/tex/latex/amsmath/amsbsy.sty
Package: amsbsy 1999/11/29 v1.2d Bold Symbols
\pmbraise@=\dimen104
)
(/usr/local/texlive/2019/texmf-dist/tex/latex/amsmath/amsopn.sty
Package: amsopn 2016/03/08 v2.02 operator names
)
\inf@bad=\count88
LaTeX Info: Redefining \frac on input line 223.
\uproot@=\count89
\leftroot@=\count90
LaTeX Info: Redefining \overline on input line 385.
\classnum@=\count91
\DOTSCASE@=\count92
LaTeX Info: Redefining \ldots on input line 482.
LaTeX Info: Redefining \dots on input line 485.
LaTeX Info: Redefining \cdots on input line 606.
\Mathstrutbox@=\box27
\strutbox@=\box28
\big@size=\dimen105
LaTeX Font Info:    Redeclaring font encoding OML on input line 729.
LaTeX Font Info:    Redeclaring font encoding OMS on input line 730.
\macc@depth=\count93
\c@MaxMatrixCols=\count94
\dotsspace@=\muskip10
\c@parentequation=\count95
\dspbrk@lvl=\count96
\tag@help=\toks15
\row@=\count97
\column@=\count98
\maxfields@=\count99
\andhelp@=\toks16
\eqnshift@=\dimen106
\alignsep@=\dimen107
\tagshift@=\dimen108
\tagwidth@=\dimen109
\totwidth@=\dimen110
\lineht@=\dimen111
\@envbody=\toks17
\multlinegap=\skip44
\multlinetaggap=\skip45
\mathdisplay@stack=\toks18
LaTeX Info: Redefining \[ on input line 2844.
LaTeX Info: Redefining \] on input line 2845.
)
\titlebox=\skip46

(./fancyhdr.sty
\fancy@headwidth=\skip47
\f@ncyO@elh=\skip48
\f@ncyO@erh=\skip49
\f@ncyO@olh=\skip50
\f@ncyO@orh=\skip51
\f@ncyO@elf=\skip52
\f@ncyO@erf=\skip53
\f@ncyO@olf=\skip54
\f@ncyO@orf=\skip55
)
\titrun=\box29
\autrun=\box30
)
(/usr/local/texlive/2019/texmf-dist/tex/latex/amsfonts/amsfonts.sty
Package: amsfonts 2013/01/14 v3.01 Basic AMSFonts support
\symAMSa=\mathgroup4
\symAMSb=\mathgroup5
LaTeX Font Info:    Overwriting math alphabet `\mathfrak' in version `bold'
(Font)                  U/euf/m/n --> U/euf/b/n on input line 106.
)
(/usr/local/texlive/2019/texmf-dist/tex/latex/graphics/graphicx.sty
Package: graphicx 2017/06/01 v1.1a Enhanced LaTeX Graphics (DPC,SPQR)

(/usr/local/texlive/2019/texmf-dist/tex/latex/graphics/keyval.sty
Package: keyval 2014/10/28 v1.15 key=value parser (DPC)
\KV@toks@=\toks19
)
(/usr/local/texlive/2019/texmf-dist/tex/latex/graphics/graphics.sty
Package: graphics 2017/06/25 v1.2c Standard LaTeX Graphics (DPC,SPQR)

(/usr/local/texlive/2019/texmf-dist/tex/latex/graphics/trig.sty
Package: trig 2016/01/03 v1.10 sin cos tan (DPC)
)
(/usr/local/texlive/2019/texmf-dist/tex/latex/graphics-cfg/graphics.cfg
File: graphics.cfg 2016/06/04 v1.11 sample graphics configuration
)
Package graphics Info: Driver file: pdftex.def on input line 99.

(/usr/local/texlive/2019/texmf-dist/tex/latex/graphics-def/pdftex.def
File: pdftex.def 2018/01/08 v1.0l Graphics/color driver for pdftex
))
\Gin@req@height=\dimen112
\Gin@req@width=\dimen113
)
(/usr/local/texlive/2019/texmf-dist/tex/latex/multirow/multirow.sty
Package: multirow 2019/01/01 v2.4 Span multiple rows of a table
\multirow@colwidth=\skip56
\multirow@cntb=\count100
\multirow@dima=\skip57
\bigstrutjot=\dimen114
)
(/usr/local/texlive/2019/texmf-dist/tex/latex/hyperref/hyperref.sty
Package: hyperref 2018/11/30 v6.88e Hypertext links for LaTeX

(/usr/local/texlive/2019/texmf-dist/tex/generic/oberdiek/hobsub-hyperref.sty
Package: hobsub-hyperref 2016/05/16 v1.14 Bundle oberdiek, subset hyperref (HO)


(/usr/local/texlive/2019/texmf-dist/tex/generic/oberdiek/hobsub-generic.sty
Package: hobsub-generic 2016/05/16 v1.14 Bundle oberdiek, subset generic (HO)
Package: hobsub 2016/05/16 v1.14 Construct package bundles (HO)
Package: infwarerr 2016/05/16 v1.4 Providing info/warning/error messages (HO)
Package: ltxcmds 2016/05/16 v1.23 LaTeX kernel commands for general use (HO)
Package: ifluatex 2016/05/16 v1.4 Provides the ifluatex switch (HO)
Package ifluatex Info: LuaTeX not detected.
Package: ifvtex 2016/05/16 v1.6 Detect VTeX and its facilities (HO)
Package ifvtex Info: VTeX not detected.
Package: intcalc 2016/05/16 v1.2 Expandable calculations with integers (HO)
Package: ifpdf 2018/09/07 v3.3 Provides the ifpdf switch
Package: etexcmds 2016/05/16 v1.6 Avoid name clashes with e-TeX commands (HO)
Package: kvsetkeys 2016/05/16 v1.17 Key value parser (HO)
Package: kvdefinekeys 2016/05/16 v1.4 Define keys (HO)
Package: pdftexcmds 2018/09/10 v0.29 Utility functions of pdfTeX for LuaTeX (HO
)
Package pdftexcmds Info: LuaTeX not detected.
Package pdftexcmds Info: \pdf@primitive is available.
Package pdftexcmds Info: \pdf@ifprimitive is available.
Package pdftexcmds Info: \pdfdraftmode found.
Package: pdfescape 2016/05/16 v1.14 Implements pdfTeX's escape features (HO)
Package: bigintcalc 2016/05/16 v1.4 Expandable calculations on big integers (HO
)
Package: bitset 2016/05/16 v1.2 Handle bit-vector datatype (HO)
Package: uniquecounter 2016/05/16 v1.3 Provide unlimited unique counter (HO)
)
Package hobsub Info: Skipping package `hobsub' (already loaded).
Package: letltxmacro 2016/05/16 v1.5 Let assignment for LaTeX macros (HO)
Package: hopatch 2016/05/16 v1.3 Wrapper for package hooks (HO)
Package: xcolor-patch 2016/05/16 xcolor patch
Package: atveryend 2016/05/16 v1.9 Hooks at the very end of document (HO)
Package atveryend Info: \enddocument detected (standard20110627).
Package: atbegshi 2016/06/09 v1.18 At begin shipout hook (HO)
Package: refcount 2016/05/16 v3.5 Data extraction from label references (HO)
Package: hycolor 2016/05/16 v1.8 Color options for hyperref/bookmark (HO)
)
(/usr/local/texlive/2019/texmf-dist/tex/generic/ifxetex/ifxetex.sty
Package: ifxetex 2010/09/12 v0.6 Provides ifxetex conditional
)
(/usr/local/texlive/2019/texmf-dist/tex/latex/oberdiek/auxhook.sty
Package: auxhook 2016/05/16 v1.4 Hooks for auxiliary files (HO)
)
(/usr/local/texlive/2019/texmf-dist/tex/latex/oberdiek/kvoptions.sty
Package: kvoptions 2016/05/16 v3.12 Key value format for package options (HO)
)
\@linkdim=\dimen115
\Hy@linkcounter=\count101
\Hy@pagecounter=\count102

(/usr/local/texlive/2019/texmf-dist/tex/latex/hyperref/pd1enc.def
File: pd1enc.def 2018/11/30 v6.88e Hyperref: PDFDocEncoding definition (HO)
Now handling font encoding PD1 ...
... no UTF-8 mapping file for font encoding PD1
)
\Hy@SavedSpaceFactor=\count103

(/usr/local/texlive/2019/texmf-dist/tex/latex/latexconfig/hyperref.cfg
File: hyperref.cfg 2002/06/06 v1.2 hyperref configuration of TeXLive
)
Package hyperref Info: Hyper figures OFF on input line 4519.
Package hyperref Info: Link nesting OFF on input line 4524.
Package hyperref Info: Hyper index ON on input line 4527.
Package hyperref Info: Plain pages OFF on input line 4534.
Package hyperref Info: Backreferencing OFF on input line 4539.
Package hyperref Info: Implicit mode ON; LaTeX internals redefined.
Package hyperref Info: Bookmarks ON on input line 4772.
\c@Hy@tempcnt=\count104

(/usr/local/texlive/2019/texmf-dist/tex/latex/url/url.sty
\Urlmuskip=\muskip11
Package: url 2013/09/16  ver 3.4  Verb mode for urls, etc.
)
LaTeX Info: Redefining \url on input line 5125.
\XeTeXLinkMargin=\dimen116
\Fld@menulength=\count105
\Field@Width=\dimen117
\Fld@charsize=\dimen118
Package hyperref Info: Hyper figures OFF on input line 6380.
Package hyperref Info: Link nesting OFF on input line 6385.
Package hyperref Info: Hyper index ON on input line 6388.
Package hyperref Info: backreferencing OFF on input line 6395.
Package hyperref Info: Link coloring OFF on input line 6400.
Package hyperref Info: Link coloring with OCG OFF on input line 6405.
Package hyperref Info: PDF/A mode OFF on input line 6410.
LaTeX Info: Redefining \ref on input line 6450.
LaTeX Info: Redefining \pageref on input line 6454.
\Hy@abspage=\count106
\c@Item=\count107
\c@Hfootnote=\count108
)
Package hyperref Info: Driver (autodetected): hpdftex.

(/usr/local/texlive/2019/texmf-dist/tex/latex/hyperref/hpdftex.def
File: hpdftex.def 2018/11/30 v6.88e Hyperref driver for pdfTeX
\Fld@listcount=\count109
\c@bookmark@seq@number=\count110

(/usr/local/texlive/2019/texmf-dist/tex/latex/oberdiek/rerunfilecheck.sty
Package: rerunfilecheck 2016/05/16 v1.8 Rerun checks for auxiliary files (HO)
Package uniquecounter Info: New unique counter `rerunfilecheck' on input line 2
82.
)
\Hy@SectionHShift=\skip58
)
(/usr/local/texlive/2019/texmf-dist/tex/latex/caption/caption.sty
Package: caption 2018/10/06 v3.3-154 Customizing captions (AR)

(/usr/local/texlive/2019/texmf-dist/tex/latex/caption/caption3.sty
Package: caption3 2018/09/12 v1.8c caption3 kernel (AR)
Package caption3 Info: TeX engine: e-TeX on input line 64.
\captionmargin=\dimen119
\captionmargin@=\dimen120
\captionwidth=\dimen121
\caption@tempdima=\dimen122
\caption@indent=\dimen123
\caption@parindent=\dimen124
\caption@hangindent=\dimen125
)
\c@caption@flags=\count111
\c@ContinuedFloat=\count112
Package caption Info: hyperref package is loaded.
)
(/usr/local/texlive/2019/texmf-dist/tex/latex/caption/subcaption.sty
Package: subcaption 2018/05/01 v1.1-162 Sub-captions (AR)
\c@subfigure=\count113
\c@subtable=\count114
)
(/usr/local/texlive/2019/texmf-dist/tex/latex/natbib/natbib.sty
Package: natbib 2010/09/13 8.31b (PWD, AO)
\bibhang=\skip59
\bibsep=\skip60
LaTeX Info: Redefining \cite on input line 694.
\c@NAT@ctr=\count115
)
(./sample_paper.aux

LaTeX Warning: Label `mspring_full' multiply defined.


LaTeX Warning: Label `duffing_1_full' multiply defined.

)
\openout1 = `sample_paper.aux'.

LaTeX Font Info:    Checking defaults for OML/cmm/m/it on input line 33.
LaTeX Font Info:    ... okay on input line 33.
LaTeX Font Info:    Checking defaults for T1/cmr/m/n on input line 33.
LaTeX Font Info:    ... okay on input line 33.
LaTeX Font Info:    Checking defaults for OT1/cmr/m/n on input line 33.
LaTeX Font Info:    ... okay on input line 33.
LaTeX Font Info:    Checking defaults for OMS/cmsy/m/n on input line 33.
LaTeX Font Info:    ... okay on input line 33.
LaTeX Font Info:    Checking defaults for OMX/cmex/m/n on input line 33.
LaTeX Font Info:    ... okay on input line 33.
LaTeX Font Info:    Checking defaults for U/cmr/m/n on input line 33.
LaTeX Font Info:    ... okay on input line 33.
LaTeX Font Info:    Checking defaults for PD1/pdf/m/n on input line 33.
LaTeX Font Info:    ... okay on input line 33.
 (/usr/local/texlive/2019/texmf-dist/tex/context/base/mkii/supp-pdf.mkii
[Loading MPS to PDF converter (version 2006.09.02).]
\scratchcounter=\count116
\scratchdimen=\dimen126
\scratchbox=\box31
\nofMPsegments=\count117
\nofMParguments=\count118
\everyMPshowfont=\toks20
\MPscratchCnt=\count119
\MPscratchDim=\dimen127
\MPnumerator=\count120
\makeMPintoPDFobject=\count121
\everyMPtoPDFconversion=\toks21
) (/usr/local/texlive/2019/texmf-dist/tex/latex/oberdiek/epstopdf-base.sty
Package: epstopdf-base 2016/05/15 v2.6 Base part for package epstopdf

(/usr/local/texlive/2019/texmf-dist/tex/latex/oberdiek/grfext.sty
Package: grfext 2016/05/16 v1.2 Manage graphics extensions (HO)
)
Package epstopdf-base Info: Redefining graphics rule for `.eps' on input line 4
38.
Package grfext Info: Graphics extension search list:
(grfext)             [.pdf,.png,.jpg,.mps,.jpeg,.jbig2,.jb2,.PDF,.PNG,.JPG,.JPE
G,.JBIG2,.JB2,.eps]
(grfext)             \AppendGraphicsExtensions on input line 456.

(/usr/local/texlive/2019/texmf-dist/tex/latex/latexconfig/epstopdf-sys.cfg
File: epstopdf-sys.cfg 2010/07/13 v1.3 Configuration of (r)epstopdf for TeX Liv
e
))
\AtBeginShipoutBox=\box32
Package hyperref Info: Link coloring OFF on input line 33.

(/usr/local/texlive/2019/texmf-dist/tex/latex/hyperref/nameref.sty
Package: nameref 2016/05/21 v2.44 Cross-referencing by name of section

(/usr/local/texlive/2019/texmf-dist/tex/generic/oberdiek/gettitlestring.sty
Package: gettitlestring 2016/05/16 v1.5 Cleanup title references (HO)
)
\c@section@level=\count122
)
LaTeX Info: Redefining \ref on input line 33.
LaTeX Info: Redefining \pageref on input line 33.
LaTeX Info: Redefining \nameref on input line 33.

(./sample_paper.out) (./sample_paper.out)
\@outlinefile=\write3
\openout3 = `sample_paper.out'.

Package caption Info: Begin \AtBeginDocument code.
Package caption Info: End \AtBeginDocument code.
LaTeX Font Info:    Try loading font information for U+msa on input line 55.

(/usr/local/texlive/2019/texmf-dist/tex/latex/amsfonts/umsa.fd
File: umsa.fd 2013/01/14 v3.01 AMS symbols A
)
LaTeX Font Info:    Try loading font information for U+msb on input line 55.

(/usr/local/texlive/2019/texmf-dist/tex/latex/amsfonts/umsb.fd
File: umsb.fd 2013/01/14 v3.01 AMS symbols B
)
Overfull \hbox (5.1225pt too wide) in paragraph at lines 59--59
 [] 
 []

<figures/main_fig.pdf, id=68, 1733.06529pt x 601.67284pt>
File: figures/main_fig.pdf Graphic file (type pdf)
<use figures/main_fig.pdf>
Package pdftex.def Info: figures/main_fig.pdf  used on input line 70.
(pdftex.def)             Requested size: 439.03726pt x 152.41925pt.
[1{/usr/local/texlive/2019/texmf-var/fonts/map/pdftex/updmap/pdftex.map}



]
[2 <./figures/main_fig.pdf>]
Underfull \hbox (badness 2229) in paragraph at lines 151--152
[]\OT1/cmr/m/n/10 Despite these sig-nif-i-cant break-throughs, there is
 []

<figures/architecture1.pdf, id=182, 655.44875pt x 520.94624pt>
File: figures/architecture1.pdf Graphic file (type pdf)
<use figures/architecture1.pdf>
Package pdftex.def Info: figures/architecture1.pdf  used on input line 189.
(pdftex.def)             Requested size: 243.91124pt x 193.85995pt.

Overfull \hbox (9.03374pt too wide) in paragraph at lines 189--190
 [][] 
 []


Package Fancyhdr Warning: \headheight is too small (10.0pt): 
 Make it at least 10.68997pt.
 We now make it that large for the rest of the document.
 This may cause the page layout to be inconsistent, however.

[3 <./figures/architecture1.pdf>]
Underfull \hbox (badness 1286) in paragraph at lines 234--235
[]\OT1/cmr/m/n/10 Obtain state vari-able data $[\OT1/cmr/bx/n/10 q\OML/cmm/m/it
/10 ; \OT1/cmr/bx/n/10 p\OML/cmm/m/it/10 ; t\OT1/cmr/m/n/10 ]$ and time
 []

[4]
<figures/figures/mass_spring/1/mass_spring_long_0.pdf, id=247, 691.01602pt x 72
0.33429pt>
File: figures/figures/mass_spring/1/mass_spring_long_0.pdf Graphic file (type p
df)
<use figures/figures/mass_spring/1/mass_spring_long_0.pdf>
Package pdftex.def Info: figures/figures/mass_spring/1/mass_spring_long_0.pdf  
used on input line 265.
(pdftex.def)             Requested size: 195.126pt x 106.99355pt.
<figures/figures/mass_spring/1/mass_spring_dpdt_0.pdf, id=249, 1272.2029pt x 33
1.07755pt>
File: figures/figures/mass_spring/1/mass_spring_dpdt_0.pdf Graphic file (type p
df)
<use figures/figures/mass_spring/1/mass_spring_dpdt_0.pdf>
Package pdftex.def Info: figures/figures/mass_spring/1/mass_spring_dpdt_0.pdf  
used on input line 270.
(pdftex.def)             Requested size: 234.15271pt x 60.93517pt.
<figures/figures/mass_spring/1/mass_spring_errors_0.pdf, id=250, 1445.4pt x 361
.35pt>
File: figures/figures/mass_spring/1/mass_spring_errors_0.pdf Graphic file (type
 pdf)
<use figures/figures/mass_spring/1/mass_spring_errors_0.pdf>
Package pdftex.def Info: figures/figures/mass_spring/1/mass_spring_errors_0.pdf
  used on input line 275.
(pdftex.def)             Requested size: 234.15271pt x 58.53397pt.
<figures/figures/damped/1/damped_dpdt_0.pdf, id=252, 1272.2029pt x 331.07755pt>

File: figures/figures/damped/1/damped_dpdt_0.pdf Graphic file (type pdf)
<use figures/figures/damped/1/damped_dpdt_0.pdf>
Package pdftex.def Info: figures/figures/damped/1/damped_dpdt_0.pdf  used on in
put line 305.
(pdftex.def)             Requested size: 234.15271pt x 60.93517pt.
<figures/figures/damped/1/damped_errors_0.pdf, id=253, 1445.4pt x 361.35pt>
File: figures/figures/damped/1/damped_errors_0.pdf Graphic file (type pdf)
<use figures/figures/damped/1/damped_errors_0.pdf>
Package pdftex.def Info: figures/figures/damped/1/damped_errors_0.pdf  used on 
input line 310.
(pdftex.def)             Requested size: 234.15271pt x 58.53397pt.
<figures/figures/forced_mass_spring/1/forced_mass_spring_dpdt_0.pdf, id=254, 12
72.2029pt x 331.07755pt>
File: figures/figures/forced_mass_spring/1/forced_mass_spring_dpdt_0.pdf Graphi
c file (type pdf)
<use figures/figures/forced_mass_spring/1/forced_mass_spring_dpdt_0.pdf>
Package pdftex.def Info: figures/figures/forced_mass_spring/1/forced_mass_sprin
g_dpdt_0.pdf  used on input line 335.
(pdftex.def)             Requested size: 234.15271pt x 60.93517pt.
<figures/figures/forced_mass_spring/1/forced_mass_spring_errors_0.pdf, id=255, 
1445.4pt x 361.35pt>
File: figures/figures/forced_mass_spring/1/forced_mass_spring_errors_0.pdf Grap
hic file (type pdf)
<use figures/figures/forced_mass_spring/1/forced_mass_spring_errors_0.pdf>
Package pdftex.def Info: figures/figures/forced_mass_spring/1/forced_mass_sprin
g_errors_0.pdf  used on input line 340.
(pdftex.def)             Requested size: 234.15271pt x 58.53397pt.


LaTeX Warning: `!h' float specifier changed to `!ht'.

<figures/figures/forced_mass_spring/2/forced_mass_spring_dpdt_0.pdf, id=256, 12
72.2029pt x 331.07755pt>
File: figures/figures/forced_mass_spring/2/forced_mass_spring_dpdt_0.pdf Graphi
c file (type pdf)
<use figures/figures/forced_mass_spring/2/forced_mass_spring_dpdt_0.pdf>
Package pdftex.def Info: figures/figures/forced_mass_spring/2/forced_mass_sprin
g_dpdt_0.pdf  used on input line 361.
(pdftex.def)             Requested size: 234.15271pt x 60.93517pt.
<figures/figures/forced_mass_spring/2/forced_mass_spring_errors_0.pdf, id=257, 
1445.4pt x 361.35pt>
File: figures/figures/forced_mass_spring/2/forced_mass_spring_errors_0.pdf Grap
hic file (type pdf)
<use figures/figures/forced_mass_spring/2/forced_mass_spring_errors_0.pdf>
Package pdftex.def Info: figures/figures/forced_mass_spring/2/forced_mass_sprin
g_errors_0.pdf  used on input line 366.
(pdftex.def)             Requested size: 234.15271pt x 58.53397pt.

LaTeX Warning: `!h' float specifier changed to `!ht'.

[5 <./figures/figures/mass_spring/1/mass_spring_long_0.pdf> <./figures/figures/
mass_spring/1/mass_spring_dpdt_0.pdf

pdfTeX warning: /Library/TeX/texbin/pdflatex (file ./figures/figures/mass_sprin
g/1/mass_spring_dpdt_0.pdf): PDF inclusion: multiple pdfs with page group inclu
ded in a single page
> <./figures/figures/mass_spring/1/mass_spring_errors_0.pdf

pdfTeX warning: /Library/TeX/texbin/pdflatex (file ./figures/figures/mass_sprin
g/1/mass_spring_errors_0.pdf): PDF inclusion: multiple pdfs with page group inc
luded in a single page
> <./figures/figures/damped/1/damped_dpdt_0.pdf

pdfTeX warning: /Library/TeX/texbin/pdflatex (file ./figures/figures/damped/1/d
amped_dpdt_0.pdf): PDF inclusion: multiple pdfs with page group included in a s
ingle page
> <./figures/figures/damped/1/damped_errors_0.pdf

pdfTeX warning: /Library/TeX/texbin/pdflatex (file ./figures/figures/damped/1/d
amped_errors_0.pdf): PDF inclusion: multiple pdfs with page group included in a
 single page
>]
Underfull \vbox (badness 10000) has occurred while \output is active []

<figures/figures/duffing/1/duffing_dpdt_0.pdf, id=485, 1272.2029pt x 331.07755p
t>
File: figures/figures/duffing/1/duffing_dpdt_0.pdf Graphic file (type pdf)
<use figures/figures/duffing/1/duffing_dpdt_0.pdf>
Package pdftex.def Info: figures/figures/duffing/1/duffing_dpdt_0.pdf  used on 
input line 404.
(pdftex.def)             Requested size: 234.15271pt x 60.93517pt.
<figures/figures/duffing/1/duffing_errors_0.pdf, id=486, 1445.4pt x 361.35pt>
File: figures/figures/duffing/1/duffing_errors_0.pdf Graphic file (type pdf)
<use figures/figures/duffing/1/duffing_errors_0.pdf>
Package pdftex.def Info: figures/figures/duffing/1/duffing_errors_0.pdf  used o
n input line 409.
(pdftex.def)             Requested size: 234.15271pt x 58.53397pt.
 [6 <./figures/figures/forced_mass_spring/1/forced_mass_spring_dpdt_0.pdf> <./f
igures/figures/forced_mass_spring/1/forced_mass_spring_errors_0.pdf

pdfTeX warning: /Library/TeX/texbin/pdflatex (file ./figures/figures/forced_mas
s_spring/1/forced_mass_spring_errors_0.pdf): PDF inclusion: multiple pdfs with 
page group included in a single page
> <./figures/figures/forced_mass_spring/2/forced_mass_spring_dpdt_0.pdf

pdfTeX warning: /Library/TeX/texbin/pdflatex (file ./figures/figures/forced_mas
s_spring/2/forced_mass_spring_dpdt_0.pdf): PDF inclusion: multiple pdfs with pa
ge group included in a single page
> <./figures/figures/forced_mass_spring/2/forced_mass_spring_errors_0.pdf

pdfTeX warning: /Library/TeX/texbin/pdflatex (file ./figures/figures/forced_mas
s_spring/2/forced_mass_spring_errors_0.pdf): PDF inclusion: multiple pdfs with 
page group included in a single page
> <./figures/figures/duffing/1/duffing_dpdt_0.pdf

pdfTeX warning: /Library/TeX/texbin/pdflatex (file ./figures/figures/duffing/1/
duffing_dpdt_0.pdf): PDF inclusion: multiple pdfs with page group included in a
 single page
> <./figures/figures/duffing/1/duffing_errors_0.pdf

pdfTeX warning: /Library/TeX/texbin/pdflatex (file ./figures/figures/duffing/1/
duffing_errors_0.pdf): PDF inclusion: multiple pdfs with page group included in
 a single page
>]
<figures/figures/relativity/1/relativity_dpdt_0.pdf, id=745, 1272.2029pt x 331.
07755pt>
File: figures/figures/relativity/1/relativity_dpdt_0.pdf Graphic file (type pdf
)
<use figures/figures/relativity/1/relativity_dpdt_0.pdf>
Package pdftex.def Info: figures/figures/relativity/1/relativity_dpdt_0.pdf  us
ed on input line 445.
(pdftex.def)             Requested size: 234.15271pt x 60.93517pt.
<figures/figures/relativity/1/relativity_errors_0.pdf, id=746, 1445.4pt x 361.3
5pt>
File: figures/figures/relativity/1/relativity_errors_0.pdf Graphic file (type p
df)
<use figures/figures/relativity/1/relativity_errors_0.pdf>
Package pdftex.def Info: figures/figures/relativity/1/relativity_errors_0.pdf  
used on input line 450.
(pdftex.def)             Requested size: 234.15271pt x 58.53397pt.
<figures/duffing_ham_1.pdf, id=747, 1445.4pt x 361.35pt>
File: figures/duffing_ham_1.pdf Graphic file (type pdf)
<use figures/duffing_ham_1.pdf>
Package pdftex.def Info: figures/duffing_ham_1.pdf  used on input line 476.
(pdftex.def)             Requested size: 439.03726pt x 109.7567pt.


LaTeX Warning: `h' float specifier changed to `ht'.


Underfull \vbox (badness 4927) has occurred while \output is active []

 [7 <./figures/figures/relativity/1/relativity_dpdt_0.pdf> <./figures/figures/r
elativity/1/relativity_errors_0.pdf

pdfTeX warning: /Library/TeX/texbin/pdflatex (file ./figures/figures/relativity
/1/relativity_errors_0.pdf): PDF inclusion: multiple pdfs with page group inclu
ded in a single page
>]
Underfull \vbox (badness 10000) has occurred while \output is active []


(./sample_paper.bbl
Underfull \hbox (badness 1635) in paragraph at lines 4--9
\OT1/cmr/m/n/10 and K. Kavukcuoglu.  In-ter-ac-tion Net-works
 []


Underfull \hbox (badness 3482) in paragraph at lines 4--9
\OT1/cmr/m/n/10 for Learn-ing about Ob-jects, Re-la-tions and
 []


Underfull \hbox (badness 10000) in paragraph at lines 18--22
[]\OT1/cmr/m/n/10 M. Cran-mer, S. Grey-danus, S. Hoyer,
 []


Underfull \hbox (badness 1442) in paragraph at lines 18--22
\OT1/cmr/m/n/10 P. Battaglia, D. Spergel, and S. Ho.  La-
 []


Underfull \hbox (badness 10000) in paragraph at lines 24--29
[]\OT1/cmr/m/n/10 J. De-vlin, M.-W. Chang, K. Lee, and
 []


Underfull \hbox (badness 1776) in paragraph at lines 24--29
\OT1/cmr/m/n/10 Bidi-rec-tional Trans-form-ers for Lan-guage Un-
 []

[8 <./figures/duffing_ham_1.pdf>]
Underfull \hbox (badness 3039) in paragraph at lines 97--102
[]\OT1/cmr/m/n/10 A. Sanchez-Gonzalez, J. God-win, T. Pfaff,
 []

) [9]
Underfull \vbox (badness 10000) has occurred while \output is active []

 [10

]
File: figures/figures/mass_spring/1/mass_spring_long_0.pdf Graphic file (type p
df)
<use figures/figures/mass_spring/1/mass_spring_long_0.pdf>
Package pdftex.def Info: figures/figures/mass_spring/1/mass_spring_long_0.pdf  
used on input line 553.
(pdftex.def)             Requested size: 234.15271pt x 244.08606pt.
File: figures/figures/mass_spring/1/mass_spring_errors_0.pdf Graphic file (type
 pdf)
<use figures/figures/mass_spring/1/mass_spring_errors_0.pdf>
Package pdftex.def Info: figures/figures/mass_spring/1/mass_spring_errors_0.pdf
  used on input line 557.
(pdftex.def)             Requested size: 234.15271pt x 58.53397pt.
<figures/figures/mass_spring/1/mass_spring_hamiltonian_0.pdf, id=882, 1165.9967
8pt x 328.85359pt>
File: figures/figures/mass_spring/1/mass_spring_hamiltonian_0.pdf Graphic file 
(type pdf)
<use figures/figures/mass_spring/1/mass_spring_hamiltonian_0.pdf>
Package pdftex.def Info: figures/figures/mass_spring/1/mass_spring_hamiltonian_
0.pdf  used on input line 561.
(pdftex.def)             Requested size: 234.15271pt x 66.03549pt.
File: figures/figures/mass_spring/1/mass_spring_dpdt_0.pdf Graphic file (type p
df)
<use figures/figures/mass_spring/1/mass_spring_dpdt_0.pdf>
Package pdftex.def Info: figures/figures/mass_spring/1/mass_spring_dpdt_0.pdf  
used on input line 565.
(pdftex.def)             Requested size: 234.15271pt x 60.93517pt.
<figures/figures/damped/1/damped_long_0.pdf, id=883, 690.96896pt x 720.33429pt>

File: figures/figures/damped/1/damped_long_0.pdf Graphic file (type pdf)
<use figures/figures/damped/1/damped_long_0.pdf>
Package pdftex.def Info: figures/figures/damped/1/damped_long_0.pdf  used on in
put line 574.
(pdftex.def)             Requested size: 234.15271pt x 244.10805pt.
File: figures/figures/damped/1/damped_errors_0.pdf Graphic file (type pdf)
<use figures/figures/damped/1/damped_errors_0.pdf>
Package pdftex.def Info: figures/figures/damped/1/damped_errors_0.pdf  used on 
input line 578.
(pdftex.def)             Requested size: 234.15271pt x 58.53397pt.
<figures/figures/damped/1/damped_hamiltonian_0.pdf, id=884, 1165.99678pt x 328.
85359pt>
File: figures/figures/damped/1/damped_hamiltonian_0.pdf Graphic file (type pdf)

<use figures/figures/damped/1/damped_hamiltonian_0.pdf>
Package pdftex.def Info: figures/figures/damped/1/damped_hamiltonian_0.pdf  use
d on input line 582.
(pdftex.def)             Requested size: 234.15271pt x 66.03549pt.
File: figures/figures/damped/1/damped_dpdt_0.pdf Graphic file (type pdf)
<use figures/figures/damped/1/damped_dpdt_0.pdf>
Package pdftex.def Info: figures/figures/damped/1/damped_dpdt_0.pdf  used on in
put line 586.
(pdftex.def)             Requested size: 234.15271pt x 60.93517pt.
<figures/figures/forced_mass_spring/1/forced_mass_spring_long_0.pdf, id=885, 69
1.01602pt x 720.33429pt>
File: figures/figures/forced_mass_spring/1/forced_mass_spring_long_0.pdf Graphi
c file (type pdf)
<use figures/figures/forced_mass_spring/1/forced_mass_spring_long_0.pdf>
Package pdftex.def Info: figures/figures/forced_mass_spring/1/forced_mass_sprin
g_long_0.pdf  used on input line 595.
(pdftex.def)             Requested size: 234.15271pt x 244.08606pt.
File: figures/figures/forced_mass_spring/1/forced_mass_spring_errors_0.pdf Grap
hic file (type pdf)
<use figures/figures/forced_mass_spring/1/forced_mass_spring_errors_0.pdf>
Package pdftex.def Info: figures/figures/forced_mass_spring/1/forced_mass_sprin
g_errors_0.pdf  used on input line 599.
(pdftex.def)             Requested size: 234.15271pt x 58.53397pt.
<figures/figures/forced_mass_spring/1/forced_mass_spring_hamiltonian_0.pdf, id=
886, 1165.99678pt x 328.85359pt>
File: figures/figures/forced_mass_spring/1/forced_mass_spring_hamiltonian_0.pdf
 Graphic file (type pdf)
<use figures/figures/forced_mass_spring/1/forced_mass_spring_hamiltonian_0.pdf>

Package pdftex.def Info: figures/figures/forced_mass_spring/1/forced_mass_sprin
g_hamiltonian_0.pdf  used on input line 603.
(pdftex.def)             Requested size: 234.15271pt x 66.03549pt.
File: figures/figures/forced_mass_spring/1/forced_mass_spring_dpdt_0.pdf Graphi
c file (type pdf)
<use figures/figures/forced_mass_spring/1/forced_mass_spring_dpdt_0.pdf>
Package pdftex.def Info: figures/figures/forced_mass_spring/1/forced_mass_sprin
g_dpdt_0.pdf  used on input line 607.
(pdftex.def)             Requested size: 234.15271pt x 60.93517pt.
<figures/figures/forced_mass_spring/2/forced_mass_spring_long_0.pdf, id=887, 69
1.01602pt x 720.33429pt>
File: figures/figures/forced_mass_spring/2/forced_mass_spring_long_0.pdf Graphi
c file (type pdf)
<use figures/figures/forced_mass_spring/2/forced_mass_spring_long_0.pdf>
Package pdftex.def Info: figures/figures/forced_mass_spring/2/forced_mass_sprin
g_long_0.pdf  used on input line 616.
(pdftex.def)             Requested size: 234.15271pt x 244.08606pt.
File: figures/figures/forced_mass_spring/2/forced_mass_spring_errors_0.pdf Grap
hic file (type pdf)
<use figures/figures/forced_mass_spring/2/forced_mass_spring_errors_0.pdf>
Package pdftex.def Info: figures/figures/forced_mass_spring/2/forced_mass_sprin
g_errors_0.pdf  used on input line 620.
(pdftex.def)             Requested size: 234.15271pt x 58.53397pt.
<figures/figures/forced_mass_spring/2/forced_mass_spring_hamiltonian_0.pdf, id=
888, 1165.99678pt x 328.85359pt>
File: figures/figures/forced_mass_spring/2/forced_mass_spring_hamiltonian_0.pdf
 Graphic file (type pdf)
<use figures/figures/forced_mass_spring/2/forced_mass_spring_hamiltonian_0.pdf>

Package pdftex.def Info: figures/figures/forced_mass_spring/2/forced_mass_sprin
g_hamiltonian_0.pdf  used on input line 624.
(pdftex.def)             Requested size: 234.15271pt x 66.03549pt.
File: figures/figures/forced_mass_spring/2/forced_mass_spring_dpdt_0.pdf Graphi
c file (type pdf)
<use figures/figures/forced_mass_spring/2/forced_mass_spring_dpdt_0.pdf>
Package pdftex.def Info: figures/figures/forced_mass_spring/2/forced_mass_sprin
g_dpdt_0.pdf  used on input line 628.
(pdftex.def)             Requested size: 234.15271pt x 60.93517pt.
<figures/figures/duffing/1/duffing_long_0.pdf, id=889, 691.01602pt x 720.33429p
t>
File: figures/figures/duffing/1/duffing_long_0.pdf Graphic file (type pdf)
<use figures/figures/duffing/1/duffing_long_0.pdf>
Package pdftex.def Info: figures/figures/duffing/1/duffing_long_0.pdf  used on 
input line 637.
(pdftex.def)             Requested size: 234.15271pt x 244.08606pt.
File: figures/figures/duffing/1/duffing_errors_0.pdf Graphic file (type pdf)
<use figures/figures/duffing/1/duffing_errors_0.pdf>
Package pdftex.def Info: figures/figures/duffing/1/duffing_errors_0.pdf  used o
n input line 641.
(pdftex.def)             Requested size: 234.15271pt x 58.53397pt.
<figures/figures/duffing/1/duffing_hamiltonian_0.pdf, id=890, 1165.99678pt x 32
8.85359pt>
File: figures/figures/duffing/1/duffing_hamiltonian_0.pdf Graphic file (type pd
f)
<use figures/figures/duffing/1/duffing_hamiltonian_0.pdf>
Package pdftex.def Info: figures/figures/duffing/1/duffing_hamiltonian_0.pdf  u
sed on input line 645.
(pdftex.def)             Requested size: 234.15271pt x 66.03549pt.
File: figures/figures/duffing/1/duffing_dpdt_0.pdf Graphic file (type pdf)
<use figures/figures/duffing/1/duffing_dpdt_0.pdf>
Package pdftex.def Info: figures/figures/duffing/1/duffing_dpdt_0.pdf  used on 
input line 649.
(pdftex.def)             Requested size: 234.15271pt x 60.93517pt.
<figures/figures/relativity/1/relativity_long_0.pdf, id=891, 693.16908pt x 720.
33429pt>
File: figures/figures/relativity/1/relativity_long_0.pdf Graphic file (type pdf
)
<use figures/figures/relativity/1/relativity_long_0.pdf>
Package pdftex.def Info: figures/figures/relativity/1/relativity_long_0.pdf  us
ed on input line 658.
(pdftex.def)             Requested size: 234.15271pt x 243.32765pt.
File: figures/figures/relativity/1/relativity_errors_0.pdf Graphic file (type p
df)
<use figures/figures/relativity/1/relativity_errors_0.pdf>
Package pdftex.def Info: figures/figures/relativity/1/relativity_errors_0.pdf  
used on input line 662.
(pdftex.def)             Requested size: 234.15271pt x 58.53397pt.
<figures/figures/relativity/1/relativity_ham.pdf, id=892, 1445.4pt x 361.35pt>
File: figures/figures/relativity/1/relativity_ham.pdf Graphic file (type pdf)
<use figures/figures/relativity/1/relativity_ham.pdf>
Package pdftex.def Info: figures/figures/relativity/1/relativity_ham.pdf  used 
on input line 666.
(pdftex.def)             Requested size: 234.15271pt x 58.53397pt.
File: figures/figures/relativity/1/relativity_dpdt_0.pdf Graphic file (type pdf
)
<use figures/figures/relativity/1/relativity_dpdt_0.pdf>
Package pdftex.def Info: figures/figures/relativity/1/relativity_dpdt_0.pdf  us
ed on input line 670.
(pdftex.def)             Requested size: 234.15271pt x 60.93517pt.

Underfull \vbox (badness 10000) has occurred while \output is active []

 [11

 <./figures/figures/mass_spring/1/mass_spring_hamiltonian_0.pdf> <./figures/fig
ures/damped/1/damped_long_0.pdf

pdfTeX warning: /Library/TeX/texbin/pdflatex (file ./figures/figures/damped/1/d
amped_long_0.pdf): PDF inclusion: multiple pdfs with page group included in a s
ingle page
> <./figures/figures/damped/1/damped_hamiltonian_0.pdf

pdfTeX warning: /Library/TeX/texbin/pdflatex (file ./figures/figures/damped/1/d
amped_hamiltonian_0.pdf): PDF inclusion: multiple pdfs with page group included
 in a single page
>] [12 <./figures/figures/forced_mass_spring/1/forced_mass_spring_long_0.pdf> <
./figures/figures/forced_mass_spring/1/forced_mass_spring_hamiltonian_0.pdf

pdfTeX warning: /Library/TeX/texbin/pdflatex (file ./figures/figures/forced_mas
s_spring/1/forced_mass_spring_hamiltonian_0.pdf): PDF inclusion: multiple pdfs 
with page group included in a single page
> <./figures/figures/forced_mass_spring/2/forced_mass_spring_long_0.pdf

pdfTeX warning: /Library/TeX/texbin/pdflatex (file ./figures/figures/forced_mas
s_spring/2/forced_mass_spring_long_0.pdf): PDF inclusion: multiple pdfs with pa
ge group included in a single page
> <./figures/figures/forced_mass_spring/2/forced_mass_spring_hamiltonian_0.pdf

pdfTeX warning: /Library/TeX/texbin/pdflatex (file ./figures/figures/forced_mas
s_spring/2/forced_mass_spring_hamiltonian_0.pdf): PDF inclusion: multiple pdfs 
with page group included in a single page
>] [13 <./figures/figures/duffing/1/duffing_long_0.pdf> <./figures/figures/duff
ing/1/duffing_hamiltonian_0.pdf

pdfTeX warning: /Library/TeX/texbin/pdflatex (file ./figures/figures/duffing/1/
duffing_hamiltonian_0.pdf): PDF inclusion: multiple pdfs with page group includ
ed in a single page
> <./figures/figures/relativity/1/relativity_long_0.pdf

pdfTeX warning: /Library/TeX/texbin/pdflatex (file ./figures/figures/relativity
/1/relativity_long_0.pdf): PDF inclusion: multiple pdfs with page group include
d in a single page
> <./figures/figures/relativity/1/relativity_ham.pdf

pdfTeX warning: /Library/TeX/texbin/pdflatex (file ./figures/figures/relativity
/1/relativity_ham.pdf): PDF inclusion: multiple pdfs with page group included i
n a single page
>]
<figures/figures/mass_spring/1/mass_spring_noise_scaling.pdf, id=1316, 693.1690
8pt x 331.92445pt>
File: figures/figures/mass_spring/1/mass_spring_noise_scaling.pdf Graphic file 
(type pdf)
<use figures/figures/mass_spring/1/mass_spring_noise_scaling.pdf>
Package pdftex.def Info: figures/figures/mass_spring/1/mass_spring_noise_scalin
g.pdf  used on input line 684.
(pdftex.def)             Requested size: 204.88455pt x 98.10931pt.
<figures/figures/damped/1/damped_noise_scaling.pdf, id=1317, 693.16908pt x 331.
92445pt>
File: figures/figures/damped/1/damped_noise_scaling.pdf Graphic file (type pdf)

<use figures/figures/damped/1/damped_noise_scaling.pdf>
Package pdftex.def Info: figures/figures/damped/1/damped_noise_scaling.pdf  use
d on input line 688.
(pdftex.def)             Requested size: 204.88455pt x 98.10931pt.
<figures/figures/forced_mass_spring/1/forced_mass_spring_noise_scaling.pdf, id=
1318, 693.16908pt x 331.92445pt>
File: figures/figures/forced_mass_spring/1/forced_mass_spring_noise_scaling.pdf
 Graphic file (type pdf)
<use figures/figures/forced_mass_spring/1/forced_mass_spring_noise_scaling.pdf>

Package pdftex.def Info: figures/figures/forced_mass_spring/1/forced_mass_sprin
g_noise_scaling.pdf  used on input line 692.
(pdftex.def)             Requested size: 204.88455pt x 98.10931pt.
<figures/figures/forced_mass_spring/2/forced_mass_spring_noise_scaling.pdf, id=
1319, 693.38866pt x 331.92445pt>
File: figures/figures/forced_mass_spring/2/forced_mass_spring_noise_scaling.pdf
 Graphic file (type pdf)
<use figures/figures/forced_mass_spring/2/forced_mass_spring_noise_scaling.pdf>

Package pdftex.def Info: figures/figures/forced_mass_spring/2/forced_mass_sprin
g_noise_scaling.pdf  used on input line 696.
(pdftex.def)             Requested size: 204.88455pt x 98.07893pt.
<figures/figures/duffing/1/duffing_noise_scaling.pdf, id=1320, 693.38866pt x 33
1.92445pt>
File: figures/figures/duffing/1/duffing_noise_scaling.pdf Graphic file (type pd
f)
<use figures/figures/duffing/1/duffing_noise_scaling.pdf>
Package pdftex.def Info: figures/figures/duffing/1/duffing_noise_scaling.pdf  u
sed on input line 700.
(pdftex.def)             Requested size: 204.88455pt x 98.07893pt.
<figures/figures/relativity/1/relativity_noise_scaling.pdf, id=1321, 693.4357pt
 x 331.92445pt>
File: figures/figures/relativity/1/relativity_noise_scaling.pdf Graphic file (t
ype pdf)
<use figures/figures/relativity/1/relativity_noise_scaling.pdf>
Package pdftex.def Info: figures/figures/relativity/1/relativity_noise_scaling.
pdf  used on input line 704.
(pdftex.def)             Requested size: 204.88455pt x 98.0688pt.
<figures/forceanddampingregulariseroptimisation.pdf, id=1322, 1072.21367pt x 71
1.45486pt>
File: figures/forceanddampingregulariseroptimisation.pdf Graphic file (type pdf
)
<use figures/forceanddampingregulariseroptimisation.pdf>
Package pdftex.def Info: figures/forceanddampingregulariseroptimisation.pdf  us
ed on input line 711.
(pdftex.def)             Requested size: 243.90445pt x 142.25587pt.
Package atveryend Info: Empty hook `BeforeClearDocument' on input line 715.
 [14

 <./figures/figures/mass_spring/1/mass_spring_noise_scaling.pdf> <./figures/fig
ures/damped/1/damped_noise_scaling.pdf

pdfTeX warning: /Library/TeX/texbin/pdflatex (file ./figures/figures/damped/1/d
amped_noise_scaling.pdf): PDF inclusion: multiple pdfs with page group included
 in a single page
> <./figures/figures/forced_mass_spring/1/forced_mass_spring_noise_scaling.pdf

pdfTeX warning: /Library/TeX/texbin/pdflatex (file ./figures/figures/forced_mas
s_spring/1/forced_mass_spring_noise_scaling.pdf): PDF inclusion: multiple pdfs 
with page group included in a single page
> <./figures/figures/forced_mass_spring/2/forced_mass_spring_noise_scaling.pdf

pdfTeX warning: /Library/TeX/texbin/pdflatex (file ./figures/figures/forced_mas
s_spring/2/forced_mass_spring_noise_scaling.pdf): PDF inclusion: multiple pdfs 
with page group included in a single page
> <./figures/figures/duffing/1/duffing_noise_scaling.pdf

pdfTeX warning: /Library/TeX/texbin/pdflatex (file ./figures/figures/duffing/1/
duffing_noise_scaling.pdf): PDF inclusion: multiple pdfs with page group includ
ed in a single page
> <./figures/figures/relativity/1/relativity_noise_scaling.pdf

pdfTeX warning: /Library/TeX/texbin/pdflatex (file ./figures/figures/relativity
/1/relativity_noise_scaling.pdf): PDF inclusion: multiple pdfs with page group 
included in a single page
> <./figures/forceanddampingregulariseroptimisation.pdf

pdfTeX warning: /Library/TeX/texbin/pdflatex (file ./figures/forceanddampingreg
ulariseroptimisation.pdf): PDF inclusion: multiple pdfs with page group include
d in a single page
>]
Package atveryend Info: Empty hook `AfterLastShipout' on input line 715.
 (./sample_paper.aux)
Package atveryend Info: Executing hook `AtVeryEndDocument' on input line 715.
Package atveryend Info: Executing hook `AtEndAfterFileList' on input line 715.
Package rerunfilecheck Info: File `sample_paper.out' has not changed.
(rerunfilecheck)             Checksum: A778FCC1097F52884F828FD16E1D46FB;966.


LaTeX Warning: There were multiply-defined labels.

Package atveryend Info: Empty hook `AtVeryVeryEnd' on input line 715.
 ) 
Here is how much of TeX's memory you used:
 7717 strings out of 492616
 122909 string characters out of 6129481
 219921 words of memory out of 5000000
 11420 multiletter control sequences out of 15000+600000
 13374 words of font info for 50 fonts, out of 8000000 for 9000
 1141 hyphenation exceptions out of 8191
 36i,13n,45p,2131b,484s stack positions out of 5000i,500n,10000p,200000b,80000s
</usr/local/texlive/2019/texmf-dist/fonts/type1/public/amsfonts/cm/cmbx10.pfb
></usr/local/texlive/2019/texmf-dist/fonts/type1/public/amsfonts/cm/cmbx12.pfb>
</usr/local/texlive/2019/texmf-dist/fonts/type1/public/amsfonts/cm/cmbx7.pfb></
usr/local/texlive/2019/texmf-dist/fonts/type1/public/amsfonts/cm/cmbx9.pfb></us
r/local/texlive/2019/texmf-dist/fonts/type1/public/amsfonts/cm/cmex10.pfb></usr
/local/texlive/2019/texmf-dist/fonts/type1/public/amsfonts/cm/cmmi10.pfb></usr/
local/texlive/2019/texmf-dist/fonts/type1/public/amsfonts/cm/cmmi6.pfb></usr/lo
cal/texlive/2019/texmf-dist/fonts/type1/public/amsfonts/cm/cmmi7.pfb></usr/loca
l/texlive/2019/texmf-dist/fonts/type1/public/amsfonts/cm/cmmi9.pfb></usr/local/
texlive/2019/texmf-dist/fonts/type1/public/amsfonts/cm/cmmib10.pfb></usr/local/
texlive/2019/texmf-dist/fonts/type1/public/amsfonts/cm/cmr10.pfb></usr/local/te
xlive/2019/texmf-dist/fonts/type1/public/amsfonts/cm/cmr5.pfb></usr/local/texli
ve/2019/texmf-dist/fonts/type1/public/amsfonts/cm/cmr6.pfb></usr/local/texlive/
2019/texmf-dist/fonts/type1/public/amsfonts/cm/cmr7.pfb></usr/local/texlive/201
9/texmf-dist/fonts/type1/public/amsfonts/cm/cmr9.pfb></usr/local/texlive/2019/t
exmf-dist/fonts/type1/public/amsfonts/cm/cmsy10.pfb></usr/local/texlive/2019/te
xmf-dist/fonts/type1/public/amsfonts/cm/cmsy7.pfb></usr/local/texlive/2019/texm
f-dist/fonts/type1/public/amsfonts/cm/cmti10.pfb>
Output written on sample_paper.pdf (14 pages, 1658294 bytes).
PDF statistics:
 1653 PDF objects out of 1728 (max. 8388607)
 584 compressed objects within 6 object streams
 105 named destinations out of 1000 (max. 500000)
 305 words of extra memory for PDF output out of 10000 (max. 10000000)

